<?xml version="1.0" encoding="UTF-8"?>
<testng-results total="1" passed="1" failed="0" skipped="0">
  <reporter-output>
  </reporter-output>
  <suite started-at="2025-04-29T19:38:43Z" name="Default suite" finished-at="2025-04-29T19:38:51Z" duration-ms="7141">
    <groups>
    </groups>
    <test started-at="2025-04-29T19:38:43Z" name="Default test" finished-at="2025-04-29T19:38:51Z" duration-ms="7141">
      <class name="com.selenium.AssignmentL2_1.AssignmentOne">
        <test-method is-config="true" signature="launchURL()[pri:0, instance:com.selenium.AssignmentL2_1.AssignmentOne@253d9f73]" started-at="2025-04-29T14:38:43Z" name="launchURL" finished-at="2025-04-29T14:38:50Z" duration-ms="6069" status="PASS">
          <reporter-output>
          </reporter-output>
        </test-method> <!-- launchURL -->
        <test-method signature="demoWebShop()[pri:0, instance:com.selenium.AssignmentL2_1.AssignmentOne@253d9f73]" started-at="2025-04-29T14:38:50Z" name="demoWebShop" finished-at="2025-04-29T14:38:50Z" duration-ms="940" status="PASS">
          <reporter-output>
          </reporter-output>
        </test-method> <!-- demoWebShop -->
        <test-method is-config="true" signature="tearDownURL()[pri:0, instance:com.selenium.AssignmentL2_1.AssignmentOne@253d9f73]" started-at="2025-04-29T14:38:50Z" name="tearDownURL" finished-at="2025-04-29T14:38:51Z" duration-ms="125" status="PASS">
          <reporter-output>
          </reporter-output>
        </test-method> <!-- tearDownURL -->
      </class> <!-- com.selenium.AssignmentL2_1.AssignmentOne -->
    </test> <!-- Default test -->
  </suite> <!-- Default suite -->
</testng-results>
